[debug] [2019-10-22T22:17:24.540Z] ----------------------------------------------------------------------
[debug] [2019-10-22T22:17:24.547Z] Command:       C:\Program Files\nodejs\node.exe C:\Users\eche\AppData\Roaming\npm\node_modules\firebase-tools\lib\bin\firebase.js deploy --only hosting:devfestmkd
[debug] [2019-10-22T22:17:24.548Z] CLI Version:   7.2.4
[debug] [2019-10-22T22:17:24.548Z] Platform:      win32
[debug] [2019-10-22T22:17:24.548Z] Node Version:  v10.15.1
[debug] [2019-10-22T22:17:24.565Z] Time:          Tue Oct 22 2019 23:17:24 GMT+0100 (West Africa Standard Time)
[debug] [2019-10-22T22:17:24.565Z] ----------------------------------------------------------------------
[debug] 
[debug] [2019-10-22T22:17:24.621Z] > command requires scopes: ["email","openid","https://www.googleapis.com/auth/cloudplatformprojects.readonly","https://www.googleapis.com/auth/firebase","https://www.googleapis.com/auth/cloud-platform"]
[debug] [2019-10-22T22:17:24.625Z] > authorizing via signed-in user
[debug] [2019-10-22T22:17:24.626Z] [iam] checking project devfestmakurdi for permissions ["firebase.projects.get","firebasehosting.sites.update"]
[debug] [2019-10-22T22:17:24.634Z] > refreshing access token with scopes: ["email","https://www.googleapis.com/auth/cloud-platform","https://www.googleapis.com/auth/cloudplatformprojects.readonly","https://www.googleapis.com/auth/firebase","openid"]
[debug] [2019-10-22T22:17:24.635Z] >>> HTTP REQUEST POST https://www.googleapis.com/oauth2/v3/token  
 <request body omitted>
[debug] [2019-10-22T22:17:25.679Z] <<< HTTP RESPONSE 200
[debug] [2019-10-22T22:17:25.703Z] >>> HTTP REQUEST POST https://cloudresourcemanager.googleapis.com/v1/projects/devfestmakurdi:testIamPermissions  

[debug] [2019-10-22T22:17:27.385Z] <<< HTTP RESPONSE 200
[debug] [2019-10-22T22:17:27.390Z] >>> HTTP REQUEST GET https://firebase.googleapis.com/v1beta1/projects/devfestmakurdi  
 
[debug] [2019-10-22T22:17:48.623Z] Server Error. connect ETIMEDOUT 216.58.208.106:443
[debug] [2019-10-22T22:17:49.354Z] FirebaseError: Server Error. connect ETIMEDOUT 216.58.208.106:443
    at Request._callback (C:\Users\eche\AppData\Roaming\npm\node_modules\firebase-tools\lib\api.js:30:31)
    at self.callback (C:\Users\eche\AppData\Roaming\npm\node_modules\firebase-tools\node_modules\request\request.js:185:22)
    at Request.emit (events.js:189:13)
    at Request.EventEmitter.emit (domain.js:441:20)
    at Request.onRequestError (C:\Users\eche\AppData\Roaming\npm\node_modules\firebase-tools\node_modules\request\request.js:881:8)
    at ClientRequest.emit (events.js:194:15)
    at ClientRequest.EventEmitter.emit (domain.js:441:20)
    at TLSSocket.socketErrorListener (_http_client.js:392:9)
    at TLSSocket.emit (events.js:189:13)
    at TLSSocket.EventEmitter.emit (domain.js:441:20)
[error] 
[error] Error: Failed to get Firebase project devfestmakurdi. Please make sure the project exists and your account has permission to access it.
[debug] [2019-10-22T22:32:31.044Z] ----------------------------------------------------------------------
[debug] [2019-10-22T22:32:31.051Z] Command:       C:\Program Files\nodejs\node.exe C:\Users\eche\AppData\Roaming\npm\node_modules\firebase-tools\lib\bin\firebase.js deploy --only hosting:devfestmkd
[debug] [2019-10-22T22:32:31.051Z] CLI Version:   7.2.4
[debug] [2019-10-22T22:32:31.051Z] Platform:      win32
[debug] [2019-10-22T22:32:31.052Z] Node Version:  v10.15.1
[debug] [2019-10-22T22:32:31.058Z] Time:          Tue Oct 22 2019 23:32:31 GMT+0100 (West Africa Standard Time)
[debug] [2019-10-22T22:32:31.058Z] ----------------------------------------------------------------------
[debug] 
[debug] [2019-10-22T22:32:31.095Z] > command requires scopes: ["email","openid","https://www.googleapis.com/auth/cloudplatformprojects.readonly","https://www.googleapis.com/auth/firebase","https://www.googleapis.com/auth/cloud-platform"]
[debug] [2019-10-22T22:32:31.098Z] > authorizing via signed-in user
[debug] [2019-10-22T22:32:31.098Z] [iam] checking project devfestmakurdi for permissions ["firebase.projects.get","firebasehosting.sites.update"]
[debug] [2019-10-22T22:32:31.105Z] >>> HTTP REQUEST POST https://cloudresourcemanager.googleapis.com/v1/projects/devfestmakurdi:testIamPermissions  

[debug] [2019-10-22T22:33:13.534Z] Error: connect ETIMEDOUT 216.58.211.106:443
    at TCPConnectWrap.afterConnect [as oncomplete] (net.js:1104:14)
[error] 
[error] Error: Server Error. connect ETIMEDOUT 216.58.211.106:443
[debug] [2019-10-22T22:33:53.172Z] ----------------------------------------------------------------------
[debug] [2019-10-22T22:33:53.183Z] Command:       C:\Program Files\nodejs\node.exe C:\Users\eche\AppData\Roaming\npm\node_modules\firebase-tools\lib\bin\firebase.js deploy --only hosting:devfestmkd
[debug] [2019-10-22T22:33:53.185Z] CLI Version:   7.2.4
[debug] [2019-10-22T22:33:53.185Z] Platform:      win32
[debug] [2019-10-22T22:33:53.185Z] Node Version:  v10.15.1
[debug] [2019-10-22T22:33:53.187Z] Time:          Tue Oct 22 2019 23:33:53 GMT+0100 (West Africa Standard Time)
[debug] [2019-10-22T22:33:53.188Z] ----------------------------------------------------------------------
[debug] 
[debug] [2019-10-22T22:33:53.221Z] > command requires scopes: ["email","openid","https://www.googleapis.com/auth/cloudplatformprojects.readonly","https://www.googleapis.com/auth/firebase","https://www.googleapis.com/auth/cloud-platform"]
[debug] [2019-10-22T22:33:53.223Z] > authorizing via signed-in user
[debug] [2019-10-22T22:33:53.224Z] [iam] checking project devfestmakurdi for permissions ["firebase.projects.get","firebasehosting.sites.update"]
[debug] [2019-10-22T22:33:53.230Z] >>> HTTP REQUEST POST https://cloudresourcemanager.googleapis.com/v1/projects/devfestmakurdi:testIamPermissions  

[debug] [2019-10-22T22:33:55.274Z] <<< HTTP RESPONSE 200
[debug] [2019-10-22T22:33:55.280Z] >>> HTTP REQUEST GET https://firebase.googleapis.com/v1beta1/projects/devfestmakurdi  
 
[debug] [2019-10-22T22:33:56.545Z] <<< HTTP RESPONSE 200
[info] 
[info] === Deploying to 'devfestmakurdi'...
[info] 
[info] i  deploying hosting
[debug] [2019-10-22T22:33:56.559Z] >>> HTTP REQUEST POST https://firebasehosting.googleapis.com/v1beta1/sites/devfestmkd/versions  

[debug] [2019-10-22T22:33:59.149Z] <<< HTTP RESPONSE 200
[info] i  hosting[devfestmkd]: beginning deploy...
[info] i  hosting[devfestmkd]: found 86 files in dist
[debug] [2019-10-22T22:33:59.352Z] [hosting] hash cache [ZGlzdA] load error: lines is not defined
[debug] [2019-10-22T22:34:00.838Z] [hosting] hash cache [ZGlzdA] stored for 86 files
[debug] [2019-10-22T22:34:00.840Z] [hosting][hash queue][FINAL]
[debug] [2019-10-22T22:34:00.841Z] >>> HTTP REQUEST POST https://firebasehosting.googleapis.com/v1beta1/sites/devfestmkd/versions/e88857e7f48ff719:populateFiles  
 <request body omitted>
[debug] [2019-10-22T22:34:04.027Z] <<< HTTP RESPONSE 200
[debug] [2019-10-22T22:34:04.040Z] [hosting][populate queue][FINAL]
[debug] [2019-10-22T22:34:04.040Z] [hosting] uploads queued: 5
[debug] [2019-10-22T22:34:25.648Z] [uploadQueue] Retrying task 984d7eee9c8f21ea01f65be14b455fddf0b3c8a4fa5caae9b0a185db41eecd7f
[debug] [2019-10-22T22:34:25.653Z] [uploadQueue] Retrying task 816b8ad91dfa1f852a7dd10b28483fbea46a12c78fa9a41d9839332540e2f598
[debug] [2019-10-22T22:34:47.488Z] [uploadQueue] Retrying task 984d7eee9c8f21ea01f65be14b455fddf0b3c8a4fa5caae9b0a185db41eecd7f
[debug] [2019-10-22T22:34:47.489Z] [uploadQueue] Retrying task 816b8ad91dfa1f852a7dd10b28483fbea46a12c78fa9a41d9839332540e2f598
